<?xml version="1.0" encoding="UTF-8"?>
<!-- Generated by org.testng.reporters.JUnitXMLReporter -->
<testsuite ignored="4" hostname="Anushka-kushawaha" failures="0" tests="7" name="RegressionTest" time="74.629" errors="0" timestamp="2024-09-16T16:52:20 IST">
  <testcase classname="com.sd.testLayer.VerifyProductPage" name="verifyProductIsAddingToCart" time="6.452"/>
  <testcase classname="com.sd.testLayer.VerifyProductPage" name="verifyProductPage" time="5.068"/>
  <testcase classname="com.sd.testLayer.VerifyProductPage" name="verifyProduct2" time="0.986"/>
  <testcase classname="com.sd.testLayer.VerifyProductPage" name="verifyProcutDetails" time="3.478"/>
  <testcase classname="com.sd.testLayer.LoginPageTest" name="verifyLoginPageWithValidCredentials" time="6.75"/>
  <testcase classname="com.sd.testLayer.LoginPageTest" name="verifyLoginPageWithInvalidCredentials" time="0.625"/>
  <testcase classname="com.sd.testLayer.LoginPageTest" name="verifyLoginPageWithEmptyFields" time="6.463"/>
  <testcase classname="com.sd.testBase.TestBase" name="@BeforeTest start" time="0.0">
    <ignored/>
  </testcase> <!-- @BeforeTest start -->
  <testcase classname="com.sd.testBase.TestBase" name="@AfterTest end" time="0.0">
    <ignored/>
  </testcase> <!-- @AfterTest end -->
  <testcase classname="com.sd.testBase.TestBase" name="@BeforeTest start" time="0.0">
    <ignored/>
  </testcase> <!-- @BeforeTest start -->
  <testcase classname="com.sd.testBase.TestBase" name="@AfterTest end" time="0.0">
    <ignored/>
  </testcase> <!-- @AfterTest end -->
</testsuite> <!-- RegressionTest -->
