<?xml version="1.0" encoding="UTF-8"?>
<!-- Generated by org.testng.reporters.JUnitXMLReporter -->
<testsuite ignored="3" hostname="Anushka-kushawaha" failures="0" tests="1" name="Default test" time="10.736" errors="0" timestamp="2024-09-16T17:01:44 IST">
  <testcase classname="com.sd.testLayer.VerifyProductPage" name="verifyProcutDetails" time="2.964"/>
  <testcase classname="com.sd.testLayer.VerifyProductPage" name="verifyProductPage" time="0.0">
    <ignored/>
  </testcase> <!-- verifyProductPage -->
  <testcase classname="com.sd.testLayer.VerifyProductPage" name="verifyProductIsAddingToCart" time="0.0">
    <ignored/>
  </testcase> <!-- verifyProductIsAddingToCart -->
  <testcase classname="com.sd.testLayer.VerifyProductPage" name="verifyProduct2" time="0.0">
    <ignored/>
  </testcase> <!-- verifyProduct2 -->
</testsuite> <!-- Default test -->
