<?xml version="1.0" encoding="UTF-8"?>
<testng-results ignored="0" total="1" passed="1" failed="0" skipped="0">
  <reporter-output>
  </reporter-output>
  <suite started-at="2024-09-16T17:01:33 IST" name="Default suite" finished-at="2024-09-16T17:01:43 IST" duration-ms="10736">
    <groups>
    </groups>
    <test started-at="2024-09-16T17:01:33 IST" name="Default test" finished-at="2024-09-16T17:01:43 IST" duration-ms="10736">
      <class name="com.sd.testLayer.VerifyProductPage">
        <test-method is-config="true" signature="start()[pri:0, instance:com.sd.testLayer.VerifyProductPage@6c40365c]" started-at="2024-09-16T17:01:33 IST" name="start" finished-at="2024-09-16T17:01:33 IST" duration-ms="73" status="PASS">
          <reporter-output>
          </reporter-output>
        </test-method> <!-- start -->
        <test-method is-config="true" signature="setup()[pri:0, instance:com.sd.testLayer.VerifyProductPage@6c40365c]" started-at="2024-09-16T17:01:33 IST" name="setup" finished-at="2024-09-16T17:01:40 IST" duration-ms="6914" status="PASS">
          <reporter-output>
          </reporter-output>
        </test-method> <!-- setup -->
        <test-method signature="verifyProcutDetails()[pri:3, instance:com.sd.testLayer.VerifyProductPage@6c40365c]" started-at="2024-09-16T17:01:40 IST" name="verifyProcutDetails" finished-at="2024-09-16T17:01:43 IST" duration-ms="2964" status="PASS">
          <reporter-output>
          </reporter-output>
        </test-method> <!-- verifyProcutDetails -->
        <test-method is-config="true" signature="tearDown()[pri:0, instance:com.sd.testLayer.VerifyProductPage@6c40365c]" started-at="2024-09-16T17:01:43 IST" name="tearDown" finished-at="2024-09-16T17:01:43 IST" duration-ms="666" status="PASS">
          <reporter-output>
          </reporter-output>
        </test-method> <!-- tearDown -->
        <test-method is-config="true" signature="end()[pri:0, instance:com.sd.testLayer.VerifyProductPage@6c40365c]" started-at="2024-09-16T17:01:43 IST" name="end" finished-at="2024-09-16T17:01:43 IST" duration-ms="0" status="PASS">
          <reporter-output>
          </reporter-output>
        </test-method> <!-- end -->
      </class> <!-- com.sd.testLayer.VerifyProductPage -->
    </test> <!-- Default test -->
  </suite> <!-- Default suite -->
</testng-results>
